<?xml version="1.0" encoding="UTF-8"?>
<!-- Generated by org.testng.reporters.JUnitReportReporter -->
<testsuite skipped="0" hostname="BLRCND52100713" name="com.tests.logsbyCRM" tests="1" failures="0" timestamp="04 Feb 2020 08:35:11 GMT" time="15.612" errors="0">
  <testcase name="setUpLogin" time="15.612" classname="com.tests.logsbyCRM"/>
</testsuite> <!-- com.tests.logsbyCRM -->
