<?xml version="1.0" encoding="UTF-8"?>
<!-- Generated by org.testng.reporters.JUnitReportReporter -->
<testsuite skipped="0" hostname="BLRCND52100713" name="com.tests.generateLogsLogin" tests="1" failures="0" timestamp="03 Feb 2020 18:57:53 GMT" time="14.837" errors="0">
  <testcase name="login" time="14.837" classname="com.tests.generateLogsLogin"/>
</testsuite> <!-- com.tests.generateLogsLogin -->
